[ 2025-06-07 15:07:53,587 ] 20 root - INFO - Initiate the data ingestion
[ 2025-06-07 15:08:02,898 ] 72 root - INFO - Performed train-test split on the DataFrame.
[ 2025-06-07 15:08:02,898 ] 73 root - INFO - Exited the split_data_as_train_test method of DataIngestion class.
[ 2025-06-07 15:08:02,899 ] 77 root - INFO - Exporting train and test file paths.
[ 2025-06-07 15:08:03,029 ] 81 root - INFO - Exported train and test datasets successfully.
[ 2025-06-07 15:08:03,029 ] 94 root - INFO - Data ingestion completed successfully.
[ 2025-06-07 15:08:03,030 ] 22 root - INFO - Data Initiation Completed
[ 2025-06-07 15:08:03,049 ] 26 root - INFO - Initiate the data Validation
[ 2025-06-07 15:08:03,209 ] 34 root - INFO - Expected number of columns: 31
[ 2025-06-07 15:08:03,209 ] 35 root - INFO - Number of columns in dataframe: 31
[ 2025-06-07 15:08:03,209 ] 34 root - INFO - Expected number of columns: 31
[ 2025-06-07 15:08:03,209 ] 35 root - INFO - Number of columns in dataframe: 31
[ 2025-06-07 15:08:03,540 ] 28 root - INFO - data Validation Completed
[ 2025-06-07 15:08:03,542 ] 31 root - INFO - data Transformation started
[ 2025-06-07 15:08:03,542 ] 51 root - INFO - Starting data transformation process
[ 2025-06-07 15:08:03,702 ] 39 root - INFO - Entered get_data_transformer_object methid Transformation Calss
[ 2025-06-07 15:08:03,703 ] 42 root - INFO - KNN Imputer parameters: {'missing_values': nan, 'n_neighbors': 3, 'weights': 'uniform'}
[ 2025-06-07 15:08:03,749 ] 71 root - INFO - Entered the save_object method
[ 2025-06-07 15:08:03,760 ] 76 root - INFO - Exited the save_object method
[ 2025-06-07 15:08:03,761 ] 77 root - INFO - Data transformation completed successfully
[ 2025-06-07 15:08:03,761 ] 85 root - INFO - Data Transformation Artifact: DataTransformationArtifact(transformed_train_file_path='Artifacts\\06_07_2025_15_07_49\\data_transformation\\transformed\\train.npy', transformed_test_file_path='Artifacts\\06_07_2025_15_07_49\\data_transformation\\transformed\\test.npy', transformed_object_file_path='Artifacts\\06_07_2025_15_07_49\\data_transformation\\transformed_object\\preprocessing.pkl')
[ 2025-06-07 15:08:03,766 ] 35 root - INFO - data Transformation completed
[ 2025-06-07 15:08:03,767 ] 37 root - INFO - Model Training sstared
[ 2025-06-07 15:12:40,591 ] 134 root - INFO - Model report: {'Random Forest': 0.963279781111124, 'Decision Tree': 0.963279781111124, 'Gradient Boosting': 0.8604631682222711, 'Logistic Regression': 0.6970581941667727, 'AdaBoost': 0.6883371421806647}
[ 2025-06-07 15:12:56,154 ] 71 root - INFO - Entered the save_object method
[ 2025-06-07 15:12:56,156 ] 76 root - INFO - Exited the save_object method
[ 2025-06-07 15:12:56,156 ] 71 root - INFO - Entered the save_object method
[ 2025-06-07 15:12:56,210 ] 76 root - INFO - Exited the save_object method
[ 2025-06-07 15:12:56,210 ] 133 root - INFO - Model trainer artifact: ModelTrainerArtifact(trained_model_file_path='Artifacts\\06_07_2025_15_07_49\\model_trainer\\trained_model\\model.pkl', train_metric_artifact=ClassificationMetricArtifact(f1_score=0.9919517102615694, precision_score=0.9893638370459562, recall_score=0.9945531571515029), test_metric_artifact=ClassificationMetricArtifact(f1_score=0.9919517102615694, precision_score=0.9893638370459562, recall_score=0.9945531571515029))
[ 2025-06-07 15:12:56,215 ] 42 root - INFO - Model Training artifact created
