[ 2025-06-07 14:57:34,716 ] 20 root - INFO - Initiate the data ingestion
[ 2025-06-07 14:57:41,545 ] 72 root - INFO - Performed train-test split on the DataFrame.
[ 2025-06-07 14:57:41,545 ] 73 root - INFO - Exited the split_data_as_train_test method of DataIngestion class.
[ 2025-06-07 14:57:41,546 ] 77 root - INFO - Exporting train and test file paths.
[ 2025-06-07 14:57:41,663 ] 81 root - INFO - Exported train and test datasets successfully.
[ 2025-06-07 14:57:41,664 ] 94 root - INFO - Data ingestion completed successfully.
[ 2025-06-07 14:57:41,665 ] 22 root - INFO - Data Initiation Completed
[ 2025-06-07 14:57:41,675 ] 26 root - INFO - Initiate the data Validation
[ 2025-06-07 14:57:41,785 ] 34 root - INFO - Expected number of columns: 31
[ 2025-06-07 14:57:41,785 ] 35 root - INFO - Number of columns in dataframe: 31
[ 2025-06-07 14:57:41,785 ] 34 root - INFO - Expected number of columns: 31
[ 2025-06-07 14:57:41,785 ] 35 root - INFO - Number of columns in dataframe: 31
[ 2025-06-07 14:57:42,084 ] 28 root - INFO - data Validation Completed
[ 2025-06-07 14:57:42,085 ] 31 root - INFO - data Transformation started
[ 2025-06-07 14:57:42,085 ] 51 root - INFO - Starting data transformation process
[ 2025-06-07 14:57:42,210 ] 39 root - INFO - Entered get_data_transformer_object methid Transformation Calss
[ 2025-06-07 14:57:42,210 ] 42 root - INFO - KNN Imputer parameters: {'missing_values': nan, 'n_neighbors': 3, 'weights': 'uniform'}
[ 2025-06-07 14:57:42,239 ] 71 root - INFO - Entered the save_object method
[ 2025-06-07 14:57:42,244 ] 76 root - INFO - Exited the save_object method
[ 2025-06-07 14:57:42,244 ] 77 root - INFO - Data transformation completed successfully
[ 2025-06-07 14:57:42,246 ] 85 root - INFO - Data Transformation Artifact: DataTransformationArtifact(transformed_train_file_path='Artifacts\\06_07_2025_14_57_27\\data_transformation\\transformed\\train.npy', transformed_test_file_path='Artifacts\\06_07_2025_14_57_27\\data_transformation\\transformed\\test.npy', transformed_object_file_path='Artifacts\\06_07_2025_14_57_27\\data_transformation\\transformed_object\\preprocessing.pkl')
[ 2025-06-07 14:57:42,248 ] 35 root - INFO - data Transformation completed
[ 2025-06-07 14:57:42,249 ] 37 root - INFO - Model Training sstared
[ 2025-06-07 15:03:38,749 ] 134 root - INFO - Model report: {'Random Forest': 0.963279781111124, 'Decision Tree': 0.963279781111124, 'Gradient Boosting': 0.8554141381250506, 'Logistic Regression': 0.6970581941667727, 'AdaBoost': 0.6883371421806647}
