[ 2025-06-07 15:20:19,171 ] 20 root - INFO - Initiate the data ingestion
[ 2025-06-07 15:20:27,872 ] 72 root - INFO - Performed train-test split on the DataFrame.
[ 2025-06-07 15:20:27,872 ] 73 root - INFO - Exited the split_data_as_train_test method of DataIngestion class.
[ 2025-06-07 15:20:27,872 ] 77 root - INFO - Exporting train and test file paths.
[ 2025-06-07 15:20:27,971 ] 81 root - INFO - Exported train and test datasets successfully.
[ 2025-06-07 15:20:27,971 ] 94 root - INFO - Data ingestion completed successfully.
[ 2025-06-07 15:20:27,971 ] 22 root - INFO - Data Initiation Completed
[ 2025-06-07 15:20:28,000 ] 26 root - INFO - Initiate the data Validation
[ 2025-06-07 15:20:28,145 ] 34 root - INFO - Expected number of columns: 31
[ 2025-06-07 15:20:28,145 ] 35 root - INFO - Number of columns in dataframe: 31
[ 2025-06-07 15:20:28,145 ] 34 root - INFO - Expected number of columns: 31
[ 2025-06-07 15:20:28,145 ] 35 root - INFO - Number of columns in dataframe: 31
[ 2025-06-07 15:20:28,405 ] 28 root - INFO - data Validation Completed
[ 2025-06-07 15:20:28,405 ] 31 root - INFO - data Transformation started
[ 2025-06-07 15:20:28,405 ] 51 root - INFO - Starting data transformation process
[ 2025-06-07 15:20:28,572 ] 39 root - INFO - Entered get_data_transformer_object methid Transformation Calss
[ 2025-06-07 15:20:28,572 ] 42 root - INFO - KNN Imputer parameters: {'missing_values': nan, 'n_neighbors': 3, 'weights': 'uniform'}
[ 2025-06-07 15:20:28,598 ] 71 root - INFO - Entered the save_object method
[ 2025-06-07 15:20:28,605 ] 76 root - INFO - Exited the save_object method
[ 2025-06-07 15:20:28,605 ] 77 root - INFO - Data transformation completed successfully
[ 2025-06-07 15:20:28,605 ] 85 root - INFO - Data Transformation Artifact: DataTransformationArtifact(transformed_train_file_path='Artifacts\\06_07_2025_15_20_13\\data_transformation\\transformed\\train.npy', transformed_test_file_path='Artifacts\\06_07_2025_15_20_13\\data_transformation\\transformed\\test.npy', transformed_object_file_path='Artifacts\\06_07_2025_15_20_13\\data_transformation\\transformed_object\\preprocessing.pkl')
[ 2025-06-07 15:20:28,609 ] 35 root - INFO - data Transformation completed
[ 2025-06-07 15:20:28,609 ] 37 root - INFO - Model Training sstared
[ 2025-06-07 15:27:15,076 ] 134 root - INFO - Model report: {'Random Forest': 0.963279781111124, 'Decision Tree': 0.963279781111124, 'Gradient Boosting': 0.8645941928472696, 'Logistic Regression': 0.6970581941667727, 'AdaBoost': 0.6883371421806647}
[ 2025-06-07 15:27:41,138 ] 71 root - INFO - Entered the save_object method
[ 2025-06-07 15:27:41,139 ] 76 root - INFO - Exited the save_object method
[ 2025-06-07 15:27:41,140 ] 71 root - INFO - Entered the save_object method
[ 2025-06-07 15:27:41,280 ] 76 root - INFO - Exited the save_object method
[ 2025-06-07 15:27:41,280 ] 133 root - INFO - Model trainer artifact: ModelTrainerArtifact(trained_model_file_path='Artifacts\\06_07_2025_15_20_13\\model_trainer\\trained_model\\model.pkl', train_metric_artifact=ClassificationMetricArtifact(f1_score=0.9919484702093397, precision_score=0.9897569793131151, recall_score=0.9941496873108735), test_metric_artifact=ClassificationMetricArtifact(f1_score=0.9919484702093397, precision_score=0.9897569793131151, recall_score=0.9941496873108735))
[ 2025-06-07 15:27:41,292 ] 42 root - INFO - Model Training artifact created
